<?xml version="1.0" encoding="UTF-8"?>
<!-- Generated by org.testng.reporters.JUnitXMLReporter -->
<testsuite ignored="32" hostname="DESKTOP-CL6B6RR" failures="1" tests="12" name="SampleTest(failed)" time="825.264" errors="0" timestamp="2025-03-07T16:14:10 IST">
  <testcase classname="TATA_AIG.nomineePageTestCase" name="verifyTheNomineeNameFieldNotAcceptNumbers" time="71.974"/>
  <testcase classname="TATA_AIG.nomineePageTestCase" name="verifyIfProvideMinorAgeDOBAskingTheGuardianDetails" time="73.959"/>
  <testcase classname="TATA_AIG.nomineePageTestCase" name="verifyTheNomineeContribution" time="68.786"/>
  <testcase classname="TATA_AIG.nomineePageTestCase" name="verifyTheNomineeDobFieldNotAcceptTheCurrentDate" time="76.135">
    <failure type="org.openqa.selenium.ElementNotInteractableException" message="element not interactable
  (Session info: chrome=133.0.6943.142)
Build info: version: &amp;apos;3.141.59&amp;apos;, revision: &amp;apos;e82be7d358&amp;apos;, time: &amp;apos;2018-11-14T08:17:03&amp;apos;
System info: host: &amp;apos;DESKTOP-CL6B6RR&amp;apos;, ip: &amp;apos;192.168.0.106&amp;apos;, os.name: &amp;apos;Windows 11&amp;apos;, os.arch: &amp;apos;amd64&amp;apos;, os.version: &amp;apos;10.0&amp;apos;, java.version: &amp;apos;21.0.4&amp;apos;
Driver info: org.openqa.selenium.chrome.ChromeDriver
Capabilities {acceptInsecureCerts: false, browserName: chrome, browserVersion: 133.0.6943.142, chrome: {chromedriverVersion: 133.0.6943.141 (2a5d6da0d61..., userDataDir: C:\Users\TECDAT~1\AppData\L...}, fedcm:accounts: true, goog:chromeOptions: {debuggerAddress: localhost:60883}, javascriptEnabled: true, networkConnectionEnabled: false, pageLoadStrategy: normal, platform: WINDOWS, platformName: WINDOWS, proxy: Proxy(), setWindowRect: true, strictFileInteractability: false, timeouts: {implicit: 0, pageLoad: 300000, script: 30000}, unhandledPromptBehavior: dismiss and notify, webauthn:extension:credBlob: true, webauthn:extension:largeBlob: true, webauthn:extension:minPinLength: true, webauthn:extension:prf: true, webauthn:virtualAuthenticators: true}
Session ID: 485390f562483bebb26f7c6d50905e4c">
      <![CDATA[org.openqa.selenium.ElementNotInteractableException: element not interactable
  (Session info: chrome=133.0.6943.142)
Build info: version: '3.141.59', revision: 'e82be7d358', time: '2018-11-14T08:17:03'
System info: host: 'DESKTOP-CL6B6RR', ip: '192.168.0.106', os.name: 'Windows 11', os.arch: 'amd64', os.version: '10.0', java.version: '21.0.4'
Driver info: org.openqa.selenium.chrome.ChromeDriver
Capabilities {acceptInsecureCerts: false, browserName: chrome, browserVersion: 133.0.6943.142, chrome: {chromedriverVersion: 133.0.6943.141 (2a5d6da0d61..., userDataDir: C:\Users\TECDAT~1\AppData\L...}, fedcm:accounts: true, goog:chromeOptions: {debuggerAddress: localhost:60883}, javascriptEnabled: true, networkConnectionEnabled: false, pageLoadStrategy: normal, platform: WINDOWS, platformName: WINDOWS, proxy: Proxy(), setWindowRect: true, strictFileInteractability: false, timeouts: {implicit: 0, pageLoad: 300000, script: 30000}, unhandledPromptBehavior: dismiss and notify, webauthn:extension:credBlob: true, webauthn:extension:largeBlob: true, webauthn:extension:minPinLength: true, webauthn:extension:prf: true, webauthn:virtualAuthenticators: true}
Session ID: 485390f562483bebb26f7c6d50905e4c
at org.openqa.selenium.remote.http.W3CHttpResponseCodec.createException(W3CHttpResponseCodec.java:187)
at org.openqa.selenium.remote.http.W3CHttpResponseCodec.decode(W3CHttpResponseCodec.java:122)
at org.openqa.selenium.remote.http.W3CHttpResponseCodec.decode(W3CHttpResponseCodec.java:49)
at org.openqa.selenium.remote.HttpCommandExecutor.execute(HttpCommandExecutor.java:158)
at org.openqa.selenium.remote.service.DriverCommandExecutor.execute(DriverCommandExecutor.java:83)
at org.openqa.selenium.remote.RemoteWebDriver.execute(RemoteWebDriver.java:552)
at org.openqa.selenium.remote.RemoteWebElement.execute(RemoteWebElement.java:285)
at org.openqa.selenium.remote.RemoteWebElement.sendKeys(RemoteWebElement.java:106)
at org.openqa.selenium.support.pagefactory.internal.LocatingElementHandler.invoke(LocatingElementHandler.java:51)
at jdk.proxy2/jdk.proxy2.$Proxy13.sendKeys(Unknown Source)
at TATA_AIG.nomineePageTestCase.nominePageDetails(nomineePageTestCase.java:40)
at TATA_AIG.nomineePageTestCase.verifyTheNomineeDobFieldNotAcceptTheCurrentDate(nomineePageTestCase.java:90)
at java.base/java.util.concurrent.ThreadPoolExecutor.runWorker(ThreadPoolExecutor.java:1144)
at java.base/java.util.concurrent.ThreadPoolExecutor$Worker.run(ThreadPoolExecutor.java:642)
at java.base/java.lang.Thread.run(Thread.java:1583)
... Removed 15 stack frames]]>
    </failure>
  </testcase> <!-- verifyTheNomineeDobFieldNotAcceptTheCurrentDate -->
  <testcase classname="TATA_AIG.proposerPageTestCase" name="verifyLastNameRejectsHTMLTags" time="57.068"/>
  <testcase classname="TATA_AIG.proposerPageTestCase" name="verifyFirstNameRejectsHTMLTags" time="55.689"/>
  <testcase classname="TATA_AIG.proposerPageTestCase" name="verifyPinCodeFiledNotAcceptTheChracters" time="56.257"/>
  <testcase classname="TATA_AIG.proposerPageTestCase" name="verifyPinCodeFiledNotAcceptTheSpecialChracters" time="57.163"/>
  <testcase classname="TATA_AIG.proposerPageTestCase" name="vreifyProposerLastNameFieldAcceptTheAlphabetCharacters" time="55.272"/>
  <testcase classname="TATA_AIG.proposerPageTestCase" name="verifyFirstNameMinimumLength" time="55.072"/>
  <testcase classname="TATA_AIG.insuredPageTestCase" name="verifyTheWeughtFieldAcceptTheSpecialCharctersOrNot" time="62.969"/>
  <testcase classname="TATA_AIG.insuredPageTestCase" name="verifyTheFunctionalityOfNextButton" time="67.634"/>
  <testcase classname="TATA_AIG.proposerPageTestCase" name="verifyFirstNameRejectsSpecialCharacters" time="0.0">
    <ignored/>
  </testcase> <!-- verifyFirstNameRejectsSpecialCharacters -->
  <testcase classname="TATA_AIG.proposerPageTestCase" name="verifyFirstNameCaseSensitivity" time="0.0">
    <ignored/>
  </testcase> <!-- verifyFirstNameCaseSensitivity -->
  <testcase classname="TATA_AIG.proposerPageTestCase" name="verifyAddress1FieldAreIntractable" time="0.0">
    <ignored/>
  </testcase> <!-- verifyAddress1FieldAreIntractable -->
  <testcase classname="TATA_AIG.proposerPageTestCase" name="verifyTryToMoveNextPageWhenNotProvideNationlity" time="0.0">
    <ignored/>
  </testcase> <!-- verifyTryToMoveNextPageWhenNotProvideNationlity -->
  <testcase classname="TATA_AIG.proposerPageTestCase" name="verifyFirstNameAcceptsMixedCaseAlphabets" time="0.0">
    <ignored/>
  </testcase> <!-- verifyFirstNameAcceptsMixedCaseAlphabets -->
  <testcase classname="TATA_AIG.proposerPageTestCase" name="verifyTryToMoveNextPageWhenNotProvideLastName" time="0.0">
    <ignored/>
  </testcase> <!-- verifyTryToMoveNextPageWhenNotProvideLastName -->
  <testcase classname="TATA_AIG.nomineePageTestCase" name="verifyTheNomineeDobFieldNotAcceptTheFutureDate" time="0.0">
    <ignored/>
  </testcase> <!-- verifyTheNomineeDobFieldNotAcceptTheFutureDate -->
  <testcase classname="TATA_AIG.nomineePageTestCase" name="verifyTheNomineeNameFieldNotAcceptTheSpecialCharaters" time="0.0">
    <ignored/>
  </testcase> <!-- verifyTheNomineeNameFieldNotAcceptTheSpecialCharaters -->
  <testcase classname="TATA_AIG.proposerPageTestCase" name="verifyLastNameAcceptsMixedCaseAlphabets" time="0.0">
    <ignored/>
  </testcase> <!-- verifyLastNameAcceptsMixedCaseAlphabets -->
  <testcase classname="TATA_AIG.proposerPageTestCase" name="verifyFirstNameRejectsNumbers" time="0.0">
    <ignored/>
  </testcase> <!-- verifyFirstNameRejectsNumbers -->
  <testcase classname="TATA_AIG.proposerPageTestCase" name="vreifyProposerFirstNameFieldAcceptTheAlphabetCharacters" time="0.0">
    <ignored/>
  </testcase> <!-- vreifyProposerFirstNameFieldAcceptTheAlphabetCharacters -->
  <testcase classname="TATA_AIG.proposerPageTestCase" name="verifyTryToMoveNextPageWhenNotProvideMarreiedStatus" time="0.0">
    <ignored/>
  </testcase> <!-- verifyTryToMoveNextPageWhenNotProvideMarreiedStatus -->
  <testcase classname="TATA_AIG.proposerPageTestCase" name="verifyLastNameRejectsSpecialCharacters" time="0.0">
    <ignored/>
  </testcase> <!-- verifyLastNameRejectsSpecialCharacters -->
  <testcase classname="TATA_AIG.proposerPageTestCase" name="verifyTryToMoveNextPageWhenNotProvideDOB" time="0.0">
    <ignored/>
  </testcase> <!-- verifyTryToMoveNextPageWhenNotProvideDOB -->
  <testcase classname="TATA_AIG.insuredPageTestCase" name="verifyNextbuttonIsClickAble" time="0.0">
    <ignored/>
  </testcase> <!-- verifyNextbuttonIsClickAble -->
  <testcase classname="TATA_AIG.proposerPageTestCase" name="verifyTryToMoveNextPageWhenNotProvideAddress" time="0.0">
    <ignored/>
  </testcase> <!-- verifyTryToMoveNextPageWhenNotProvideAddress -->
  <testcase classname="TATA_AIG.proposerPageTestCase" name="verifyTryToMoveNextPageWhenNotProvideFirstName" time="0.0">
    <ignored/>
  </testcase> <!-- verifyTryToMoveNextPageWhenNotProvideFirstName -->
  <testcase classname="TATA_AIG.proposerPageTestCase" name="verifyTryToMoveNextPageWhenNotProvideMailID" time="0.0">
    <ignored/>
  </testcase> <!-- verifyTryToMoveNextPageWhenNotProvideMailID -->
  <testcase classname="TATA_AIG.proposerPageTestCase" name="verifyPinCodeLength" time="0.0">
    <ignored/>
  </testcase> <!-- verifyPinCodeLength -->
  <testcase classname="TATA_AIG.proposerPageTestCase" name="verifyLastNameRejectsSpaces" time="0.0">
    <ignored/>
  </testcase> <!-- verifyLastNameRejectsSpaces -->
  <testcase classname="TATA_AIG.proposerPageTestCase" name="verifyLastNameCaseSensitivity" time="0.0">
    <ignored/>
  </testcase> <!-- verifyLastNameCaseSensitivity -->
  <testcase classname="TATA_AIG.proposerPageTestCase" name="verifyLastNameRejectsNumbers" time="0.0">
    <ignored/>
  </testcase> <!-- verifyLastNameRejectsNumbers -->
  <testcase classname="TATA_AIG.proposerPageTestCase" name="verifyAddress2FieldAreIntractable" time="0.0">
    <ignored/>
  </testcase> <!-- verifyAddress2FieldAreIntractable -->
  <testcase classname="TATA_AIG.proposerPageTestCase" name="verifyFirstNameRejectsSpaces" time="0.0">
    <ignored/>
  </testcase> <!-- verifyFirstNameRejectsSpaces -->
  <testcase classname="TATA_AIG.nomineePageTestCase" name="verifyTheNomineeNameFieldAcceptCharaters" time="0.0">
    <ignored/>
  </testcase> <!-- verifyTheNomineeNameFieldAcceptCharaters -->
  <testcase classname="TATA_AIG.proposerPageTestCase" name="verifyLastNameMinimumLength" time="0.0">
    <ignored/>
  </testcase> <!-- verifyLastNameMinimumLength -->
  <testcase classname="TATA_AIG.insuredPageTestCase" name="verifyTheWeightFieldAcceptTheCharacters" time="0.0">
    <ignored/>
  </testcase> <!-- verifyTheWeightFieldAcceptTheCharacters -->
  <testcase classname="TATA_AIG.insuredPageTestCase" name="verifyMoveToNextPageWhenNotProvideMandatoryFields" time="0.0">
    <ignored/>
  </testcase> <!-- verifyMoveToNextPageWhenNotProvideMandatoryFields -->
  <testcase classname="TATA_AIG.proposerPageTestCase" name="verifyPinCodeAcceptTheNumbers" time="0.0">
    <ignored/>
  </testcase> <!-- verifyPinCodeAcceptTheNumbers -->
  <testcase classname="TATA_AIG.proposerPageTestCase" name="verifyTryToMoveNextPageWhenNotProvidePinCode" time="0.0">
    <ignored/>
  </testcase> <!-- verifyTryToMoveNextPageWhenNotProvidePinCode -->
  <testcase classname="TATA_AIG.insuredPageTestCase" name="verifyTheSameAsInsurerButtonIsClickAble" time="0.0">
    <ignored/>
  </testcase> <!-- verifyTheSameAsInsurerButtonIsClickAble -->
  <testcase classname="TATA_AIG.proposerPageTestCase" name="verifyTryToMoveNextPageWhenNotProvidePhoneNumber" time="0.0">
    <ignored/>
  </testcase> <!-- verifyTryToMoveNextPageWhenNotProvidePhoneNumber -->
</testsuite> <!-- SampleTest(failed) -->
