<html>
<head>
<title>TestNG:  SampleTest(failed)</title>
<link href="../testng.css" rel="stylesheet" type="text/css" />
<link href="../my-testng.css" rel="stylesheet" type="text/css" />

<style type="text/css">
.log { display: none;} 
.stack-trace { display: none;} 
</style>
<script type="text/javascript">
<!--
function flip(e) {
  current = e.style.display;
  if (current == 'block') {
    e.style.display = 'none';
    return 0;
  }
  else {
    e.style.display = 'block';
    return 1;
  }
}

function toggleBox(szDivId, elem, msg1, msg2)
{
  var res = -1;  if (document.getElementById) {
    res = flip(document.getElementById(szDivId));
  }
  else if (document.all) {
    // this is the way old msie versions work
    res = flip(document.all[szDivId]);
  }
  if(elem) {
    if(res == 0) elem.innerHTML = msg1; else elem.innerHTML = msg2;
  }

}

function toggleAllBoxes() {
  if (document.getElementsByTagName) {
    d = document.getElementsByTagName('div');
    for (i = 0; i < d.length; i++) {
      if (d[i].className == 'log') {
        flip(d[i]);
      }
    }
  }
}

// -->
</script>

</head>
<body>
<h2 align='center'>SampleTest(failed)</h2><table border='1' align="center">
<tr>
<td>Tests passed/Failed/Skipped:</td><td>11/1/0</td>
</tr><tr>
<td>Started on:</td><td>Fri Mar 07 16:00:25 IST 2025</td>
</tr>
<tr><td>Total time:</td><td>825 seconds (825264 ms)</td>
</tr><tr>
<td>Included groups:</td><td></td>
</tr><tr>
<td>Excluded groups:</td><td></td>
</tr>
</table><p/>
<small><i>(Hover the method name to see the test class name)</i></small><p/>
<table width='100%' border='1' class='invocation-failed'>
<tr><td colspan='4' align='center'><b>FAILED TESTS</b></td></tr>
<tr><td><b>Test method</b></td>
<td width="30%"><b>Exception</b></td>
<td width="10%"><b>Time (seconds)</b></td>
<td><b>Instance</b></td>
</tr>
<tr>
<td title='TATA_AIG.nomineePageTestCase.verifyTheNomineeDobFieldNotAcceptTheCurrentDate()'><b>verifyTheNomineeDobFieldNotAcceptTheCurrentDate</b><br>Test class: TATA_AIG.nomineePageTestCase</td>
<td><div><pre>org.openqa.selenium.ElementNotInteractableException: element not interactable
  (Session info: chrome=133.0.6943.142)
Build info: version: &apos;3.141.59&apos;, revision: &apos;e82be7d358&apos;, time: &apos;2018-11-14T08:17:03&apos;
System info: host: &apos;DESKTOP-CL6B6RR&apos;, ip: &apos;192.168.0.106&apos;, os.name: &apos;Windows 11&apos;, os.arch: &apos;amd64&apos;, os.version: &apos;10.0&apos;, java.version: &apos;21.0.4&apos;
Driver info: org.openqa.selenium.chrome.ChromeDriver
Capabilities {acceptInsecureCerts: false, browserName: chrome, browserVersion: 133.0.6943.142, chrome: {chromedriverVersion: 133.0.6943.141 (2a5d6da0d61..., userDataDir: C:\Users\TECDAT~1\AppData\L...}, fedcm:accounts: true, goog:chromeOptions: {debuggerAddress: localhost:60883}, javascriptEnabled: true, networkConnectionEnabled: false, pageLoadStrategy: normal, platform: WINDOWS, platformName: WINDOWS, proxy: Proxy(), setWindowRect: true, strictFileInteractability: false, timeouts: {implicit: 0, pageLoad: 300000, script: 30000}, unhandledPromptBehavior: dismiss and notify, webauthn:extension:credBlob: true, webauthn:extension:largeBlob: true, webauthn:extension:minPinLength: true, webauthn:extension:prf: true, webauthn:virtualAuthenticators: true}
Session ID: 485390f562483bebb26f7c6d50905e4c
	at org.openqa.selenium.remote.http.W3CHttpResponseCodec.createException(W3CHttpResponseCodec.java:187)
	at org.openqa.selenium.remote.http.W3CHttpResponseCodec.decode(W3CHttpResponseCodec.java:122)
	at org.openqa.selenium.remote.http.W3CHttpResponseCodec.decode(W3CHttpResponseCodec.java:49)
	at org.openqa.selenium.remote.HttpCommandExecutor.execute(HttpCommandExecutor.java:158)
	at org.openqa.selenium.remote.service.DriverCommandExecutor.execute(DriverCommandExecutor.java:83)
	at org.openqa.selenium.remote.RemoteWebDriver.execute(RemoteWebDriver.java:552)
	at org.openqa.selenium.remote.RemoteWebElement.execute(RemoteWebElement.java:285)
	at org.openqa.selenium.remote.RemoteWebElement.sendKeys(RemoteWebElement.java:106)
	at org.openqa.selenium.support.pagefactory.internal.LocatingElementHandler.invoke(LocatingElementHandler.java:51)
	at jdk.proxy2/jdk.proxy2.$Proxy13.sendKeys(Unknown Source)
	at TATA_AIG.nomineePageTestCase.nominePageDetails(nomineePageTestCase.java:40)
	at TATA_AIG.nomineePageTestCase.verifyTheNomineeDobFieldNotAcceptTheCurrentDate(nomineePageTestCase.java:90)
	at java.base/java.util.concurrent.ThreadPoolExecutor.runWorker(ThreadPoolExecutor.java:1144)
	at java.base/java.util.concurrent.ThreadPoolExecutor$Worker.run(ThreadPoolExecutor.java:642)
	at java.base/java.lang.Thread.run(Thread.java:1583)
... Removed 15 stack frames</pre></div><a href='#' onClick='toggleBox("stack-trace1613369022", this, "Click to show all stack frames", "Click to hide stack frames")'>Click to show all stack frames</a>
<div class='stack-trace' id='stack-trace1613369022'><pre>org.openqa.selenium.ElementNotInteractableException: element not interactable
  (Session info: chrome=133.0.6943.142)
Build info: version: &apos;3.141.59&apos;, revision: &apos;e82be7d358&apos;, time: &apos;2018-11-14T08:17:03&apos;
System info: host: &apos;DESKTOP-CL6B6RR&apos;, ip: &apos;192.168.0.106&apos;, os.name: &apos;Windows 11&apos;, os.arch: &apos;amd64&apos;, os.version: &apos;10.0&apos;, java.version: &apos;21.0.4&apos;
Driver info: org.openqa.selenium.chrome.ChromeDriver
Capabilities {acceptInsecureCerts: false, browserName: chrome, browserVersion: 133.0.6943.142, chrome: {chromedriverVersion: 133.0.6943.141 (2a5d6da0d61..., userDataDir: C:\Users\TECDAT~1\AppData\L...}, fedcm:accounts: true, goog:chromeOptions: {debuggerAddress: localhost:60883}, javascriptEnabled: true, networkConnectionEnabled: false, pageLoadStrategy: normal, platform: WINDOWS, platformName: WINDOWS, proxy: Proxy(), setWindowRect: true, strictFileInteractability: false, timeouts: {implicit: 0, pageLoad: 300000, script: 30000}, unhandledPromptBehavior: dismiss and notify, webauthn:extension:credBlob: true, webauthn:extension:largeBlob: true, webauthn:extension:minPinLength: true, webauthn:extension:prf: true, webauthn:virtualAuthenticators: true}
Session ID: 485390f562483bebb26f7c6d50905e4c
	at java.base/jdk.internal.reflect.DirectConstructorHandleAccessor.newInstance(DirectConstructorHandleAccessor.java:62)
	at java.base/java.lang.reflect.Constructor.newInstanceWithCaller(Constructor.java:502)
	at java.base/java.lang.reflect.Constructor.newInstance(Constructor.java:486)
	at org.openqa.selenium.remote.http.W3CHttpResponseCodec.createException(W3CHttpResponseCodec.java:187)
	at org.openqa.selenium.remote.http.W3CHttpResponseCodec.decode(W3CHttpResponseCodec.java:122)
	at org.openqa.selenium.remote.http.W3CHttpResponseCodec.decode(W3CHttpResponseCodec.java:49)
	at org.openqa.selenium.remote.HttpCommandExecutor.execute(HttpCommandExecutor.java:158)
	at org.openqa.selenium.remote.service.DriverCommandExecutor.execute(DriverCommandExecutor.java:83)
	at org.openqa.selenium.remote.RemoteWebDriver.execute(RemoteWebDriver.java:552)
	at org.openqa.selenium.remote.RemoteWebElement.execute(RemoteWebElement.java:285)
	at org.openqa.selenium.remote.RemoteWebElement.sendKeys(RemoteWebElement.java:106)
	at java.base/jdk.internal.reflect.DirectMethodHandleAccessor.invoke(DirectMethodHandleAccessor.java:103)
	at java.base/java.lang.reflect.Method.invoke(Method.java:580)
	at org.openqa.selenium.support.pagefactory.internal.LocatingElementHandler.invoke(LocatingElementHandler.java:51)
	at jdk.proxy2/jdk.proxy2.$Proxy13.sendKeys(Unknown Source)
	at TATA_AIG.nomineePageTestCase.nominePageDetails(nomineePageTestCase.java:40)
	at TATA_AIG.nomineePageTestCase.verifyTheNomineeDobFieldNotAcceptTheCurrentDate(nomineePageTestCase.java:90)
	at java.base/jdk.internal.reflect.DirectMethodHandleAccessor.invoke(DirectMethodHandleAccessor.java:103)
	at java.base/java.lang.reflect.Method.invoke(Method.java:580)
	at org.testng.internal.MethodInvocationHelper.invokeMethod(MethodInvocationHelper.java:133)
	at org.testng.internal.TestInvoker.invokeMethod(TestInvoker.java:598)
	at org.testng.internal.TestInvoker.invokeTestMethod(TestInvoker.java:173)
	at org.testng.internal.MethodRunner.runInSequence(MethodRunner.java:46)
	at org.testng.internal.TestInvoker$MethodInvocationAgent.invoke(TestInvoker.java:824)
	at org.testng.internal.TestInvoker.invokeTestMethods(TestInvoker.java:146)
	at org.testng.internal.TestMethodWorker.invokeTestMethods(TestMethodWorker.java:146)
	at org.testng.internal.TestMethodWorker.run(TestMethodWorker.java:128)
	at java.base/java.util.concurrent.ThreadPoolExecutor.runWorker(ThreadPoolExecutor.java:1144)
	at java.base/java.util.concurrent.ThreadPoolExecutor$Worker.run(ThreadPoolExecutor.java:642)
	at java.base/java.lang.Thread.run(Thread.java:1583)
</pre></div></td>
<td>76</td>
<td>TATA_AIG.nomineePageTestCase@424e1977</td></tr>
</table><p>
<table width='100%' border='1' class='invocation-passed'>
<tr><td colspan='4' align='center'><b>PASSED TESTS</b></td></tr>
<tr><td><b>Test method</b></td>
<td width="30%"><b>Exception</b></td>
<td width="10%"><b>Time (seconds)</b></td>
<td><b>Instance</b></td>
</tr>
<tr>
<td title='TATA_AIG.proposerPageTestCase.vreifyProposerLastNameFieldAcceptTheAlphabetCharacters()'><b>vreifyProposerLastNameFieldAcceptTheAlphabetCharacters</b><br>Test class: TATA_AIG.proposerPageTestCase</td>
<td></td>
<td>55</td>
<td>TATA_AIG.proposerPageTestCase@7b6860f9</td></tr>
<tr>
<td title='TATA_AIG.proposerPageTestCase.verifyFirstNameRejectsHTMLTags()'><b>verifyFirstNameRejectsHTMLTags</b><br>Test class: TATA_AIG.proposerPageTestCase</td>
<td></td>
<td>55</td>
<td>TATA_AIG.proposerPageTestCase@7b6860f9</td></tr>
<tr>
<td title='TATA_AIG.nomineePageTestCase.verifyTheNomineeContribution()'><b>verifyTheNomineeContribution</b><br>Test class: TATA_AIG.nomineePageTestCase</td>
<td></td>
<td>68</td>
<td>TATA_AIG.nomineePageTestCase@424e1977</td></tr>
<tr>
<td title='TATA_AIG.proposerPageTestCase.verifyPinCodeFiledNotAcceptTheChracters()'><b>verifyPinCodeFiledNotAcceptTheChracters</b><br>Test class: TATA_AIG.proposerPageTestCase</td>
<td></td>
<td>56</td>
<td>TATA_AIG.proposerPageTestCase@7b6860f9</td></tr>
<tr>
<td title='TATA_AIG.nomineePageTestCase.verifyTheNomineeNameFieldNotAcceptNumbers()'><b>verifyTheNomineeNameFieldNotAcceptNumbers</b><br>Test class: TATA_AIG.nomineePageTestCase</td>
<td></td>
<td>71</td>
<td>TATA_AIG.nomineePageTestCase@424e1977</td></tr>
<tr>
<td title='TATA_AIG.nomineePageTestCase.verifyIfProvideMinorAgeDOBAskingTheGuardianDetails()'><b>verifyIfProvideMinorAgeDOBAskingTheGuardianDetails</b><br>Test class: TATA_AIG.nomineePageTestCase</td>
<td></td>
<td>73</td>
<td>TATA_AIG.nomineePageTestCase@424e1977</td></tr>
<tr>
<td title='TATA_AIG.proposerPageTestCase.verifyFirstNameMinimumLength()'><b>verifyFirstNameMinimumLength</b><br>Test class: TATA_AIG.proposerPageTestCase</td>
<td></td>
<td>55</td>
<td>TATA_AIG.proposerPageTestCase@7b6860f9</td></tr>
<tr>
<td title='TATA_AIG.insuredPageTestCase.verifyTheWeughtFieldAcceptTheSpecialCharctersOrNot()'><b>verifyTheWeughtFieldAcceptTheSpecialCharctersOrNot</b><br>Test class: TATA_AIG.insuredPageTestCase</td>
<td></td>
<td>62</td>
<td>TATA_AIG.insuredPageTestCase@60f70249</td></tr>
<tr>
<td title='TATA_AIG.insuredPageTestCase.verifyTheFunctionalityOfNextButton()'><b>verifyTheFunctionalityOfNextButton</b><br>Test class: TATA_AIG.insuredPageTestCase</td>
<td></td>
<td>67</td>
<td>TATA_AIG.insuredPageTestCase@60f70249</td></tr>
<tr>
<td title='TATA_AIG.proposerPageTestCase.verifyPinCodeFiledNotAcceptTheSpecialChracters()'><b>verifyPinCodeFiledNotAcceptTheSpecialChracters</b><br>Test class: TATA_AIG.proposerPageTestCase</td>
<td></td>
<td>57</td>
<td>TATA_AIG.proposerPageTestCase@7b6860f9</td></tr>
<tr>
<td title='TATA_AIG.proposerPageTestCase.verifyLastNameRejectsHTMLTags()'><b>verifyLastNameRejectsHTMLTags</b><br>Test class: TATA_AIG.proposerPageTestCase</td>
<td></td>
<td>57</td>
<td>TATA_AIG.proposerPageTestCase@7b6860f9</td></tr>
</table><p>
</body>
</html>