<?xml version="1.0" encoding="UTF-8"?>
<!-- Generated by org.testng.reporters.JUnitXMLReporter -->
<testsuite ignored="0" hostname="DESKTOP-CL6B6RR" failures="3" tests="44" name="SampleTest" time="2987.356" errors="0" timestamp="2025-03-19T10:35:49 IST">
  <testcase classname="TATA_AIG.proposerPageTestCase" name="verifyAddress1FieldAreIntractable" time="59.51"/>
  <testcase classname="TATA_AIG.proposerPageTestCase" name="verifyAddress2FieldAreIntractable" time="58.976"/>
  <testcase classname="TATA_AIG.proposerPageTestCase" name="verifyFirstNameAcceptsMixedCaseAlphabets" time="55.999"/>
  <testcase classname="TATA_AIG.proposerPageTestCase" name="verifyFirstNameCaseSensitivity" time="55.902"/>
  <testcase classname="TATA_AIG.proposerPageTestCase" name="verifyFirstNameMinimumLength" time="55.355"/>
  <testcase classname="TATA_AIG.proposerPageTestCase" name="verifyFirstNameRejectsHTMLTags" time="56.618"/>
  <testcase classname="TATA_AIG.proposerPageTestCase" name="verifyFirstNameRejectsNumbers" time="56.176"/>
  <testcase classname="TATA_AIG.proposerPageTestCase" name="verifyFirstNameRejectsSpaces" time="56.112"/>
  <testcase classname="TATA_AIG.proposerPageTestCase" name="verifyFirstNameRejectsSpecialCharacters" time="58.95"/>
  <testcase classname="TATA_AIG.proposerPageTestCase" name="verifyLastNameAcceptsMixedCaseAlphabets" time="58.044"/>
  <testcase classname="TATA_AIG.proposerPageTestCase" name="verifyLastNameCaseSensitivity" time="62.119"/>
  <testcase classname="TATA_AIG.proposerPageTestCase" name="verifyLastNameMinimumLength" time="56.181"/>
  <testcase classname="TATA_AIG.proposerPageTestCase" name="verifyLastNameRejectsHTMLTags" time="55.07"/>
  <testcase classname="TATA_AIG.proposerPageTestCase" name="verifyLastNameRejectsNumbers" time="59.027"/>
  <testcase classname="TATA_AIG.proposerPageTestCase" name="verifyLastNameRejectsSpaces" time="55.121"/>
  <testcase classname="TATA_AIG.proposerPageTestCase" name="verifyLastNameRejectsSpecialCharacters" time="59.753"/>
  <testcase classname="TATA_AIG.proposerPageTestCase" name="verifyPinCodeAcceptTheNumbers" time="54.826"/>
  <testcase classname="TATA_AIG.proposerPageTestCase" name="verifyPinCodeFiledNotAcceptTheChracters" time="54.679"/>
  <testcase classname="TATA_AIG.proposerPageTestCase" name="verifyPinCodeFiledNotAcceptTheSpecialChracters" time="55.04"/>
  <testcase classname="TATA_AIG.proposerPageTestCase" name="verifyPinCodeLength" time="57.403"/>
  <testcase classname="TATA_AIG.proposerPageTestCase" name="verifyTryToMoveNextPageWhenNotProvideAddress" time="61.53"/>
  <testcase classname="TATA_AIG.proposerPageTestCase" name="verifyTryToMoveNextPageWhenNotProvideDOB" time="69.625"/>
  <testcase classname="TATA_AIG.proposerPageTestCase" name="verifyTryToMoveNextPageWhenNotProvideFirstName" time="61.642"/>
  <testcase classname="TATA_AIG.proposerPageTestCase" name="verifyTryToMoveNextPageWhenNotProvideLastName" time="66.36">
    <failure type="org.openqa.selenium.NoSuchElementException" message="no such element: Unable to locate element: {&amp;quot;method&amp;quot;:&amp;quot;xpath&amp;quot;,&amp;quot;selector&amp;quot;:&amp;quot;//span[text()=&amp;apos; Mr &amp;apos;]&amp;quot;}
  (Session info: chrome=134.0.6998.89)
For documentation on this error, please visit: https://www.seleniumhq.org/exceptions/no_such_element.html
Build info: version: &amp;apos;3.141.59&amp;apos;, revision: &amp;apos;e82be7d358&amp;apos;, time: &amp;apos;2018-11-14T08:17:03&amp;apos;
System info: host: &amp;apos;DESKTOP-CL6B6RR&amp;apos;, ip: &amp;apos;192.168.0.101&amp;apos;, os.name: &amp;apos;Windows 11&amp;apos;, os.arch: &amp;apos;amd64&amp;apos;, os.version: &amp;apos;10.0&amp;apos;, java.version: &amp;apos;21.0.4&amp;apos;
Driver info: org.openqa.selenium.chrome.ChromeDriver
Capabilities {acceptInsecureCerts: false, browserName: chrome, browserVersion: 134.0.6998.89, chrome: {chromedriverVersion: 134.0.6998.88 (7e3d5c978c6d..., userDataDir: C:\Users\TECDAT~1\AppData\L...}, fedcm:accounts: true, goog:chromeOptions: {debuggerAddress: localhost:53144}, javascriptEnabled: true, networkConnectionEnabled: false, pageLoadStrategy: normal, platform: WINDOWS, platformName: WINDOWS, proxy: Proxy(), setWindowRect: true, strictFileInteractability: false, timeouts: {implicit: 0, pageLoad: 300000, script: 30000}, unhandledPromptBehavior: dismiss and notify, webauthn:extension:credBlob: true, webauthn:extension:largeBlob: true, webauthn:extension:minPinLength: true, webauthn:extension:prf: true, webauthn:virtualAuthenticators: true}
Session ID: fc23bcdaf482f759eb55c6d1168bad74
*** Element info: {Using=xpath, value=//span[text()=&amp;apos; Mr &amp;apos;]}">
      <![CDATA[org.openqa.selenium.NoSuchElementException: no such element: Unable to locate element: {"method":"xpath","selector":"//span[text()=' Mr ']"}
  (Session info: chrome=134.0.6998.89)
For documentation on this error, please visit: https://www.seleniumhq.org/exceptions/no_such_element.html
Build info: version: '3.141.59', revision: 'e82be7d358', time: '2018-11-14T08:17:03'
System info: host: 'DESKTOP-CL6B6RR', ip: '192.168.0.101', os.name: 'Windows 11', os.arch: 'amd64', os.version: '10.0', java.version: '21.0.4'
Driver info: org.openqa.selenium.chrome.ChromeDriver
Capabilities {acceptInsecureCerts: false, browserName: chrome, browserVersion: 134.0.6998.89, chrome: {chromedriverVersion: 134.0.6998.88 (7e3d5c978c6d..., userDataDir: C:\Users\TECDAT~1\AppData\L...}, fedcm:accounts: true, goog:chromeOptions: {debuggerAddress: localhost:53144}, javascriptEnabled: true, networkConnectionEnabled: false, pageLoadStrategy: normal, platform: WINDOWS, platformName: WINDOWS, proxy: Proxy(), setWindowRect: true, strictFileInteractability: false, timeouts: {implicit: 0, pageLoad: 300000, script: 30000}, unhandledPromptBehavior: dismiss and notify, webauthn:extension:credBlob: true, webauthn:extension:largeBlob: true, webauthn:extension:minPinLength: true, webauthn:extension:prf: true, webauthn:virtualAuthenticators: true}
Session ID: fc23bcdaf482f759eb55c6d1168bad74
*** Element info: {Using=xpath, value=//span[text()=' Mr ']}
at org.openqa.selenium.remote.http.W3CHttpResponseCodec.createException(W3CHttpResponseCodec.java:187)
at org.openqa.selenium.remote.http.W3CHttpResponseCodec.decode(W3CHttpResponseCodec.java:122)
at org.openqa.selenium.remote.http.W3CHttpResponseCodec.decode(W3CHttpResponseCodec.java:49)
at org.openqa.selenium.remote.HttpCommandExecutor.execute(HttpCommandExecutor.java:158)
at org.openqa.selenium.remote.service.DriverCommandExecutor.execute(DriverCommandExecutor.java:83)
at org.openqa.selenium.remote.RemoteWebDriver.execute(RemoteWebDriver.java:552)
at org.openqa.selenium.remote.RemoteWebDriver.findElement(RemoteWebDriver.java:323)
at org.openqa.selenium.remote.RemoteWebDriver.findElementByXPath(RemoteWebDriver.java:428)
at org.openqa.selenium.By$ByXPath.findElement(By.java:353)
at org.openqa.selenium.remote.RemoteWebDriver.findElement(RemoteWebDriver.java:315)
at org.openqa.selenium.support.pagefactory.DefaultElementLocator.findElement(DefaultElementLocator.java:69)
at org.openqa.selenium.support.pagefactory.internal.LocatingElementHandler.invoke(LocatingElementHandler.java:38)
at jdk.proxy2/jdk.proxy2.$Proxy17.click(Unknown Source)
at TATA_AIG.proposerPageTestCase.verifyTryToMoveNextPageWhenNotProvideLastName(proposerPageTestCase.java:171)
at java.base/java.util.concurrent.ThreadPoolExecutor.runWorker(ThreadPoolExecutor.java:1144)
at java.base/java.util.concurrent.ThreadPoolExecutor$Worker.run(ThreadPoolExecutor.java:642)
at java.base/java.lang.Thread.run(Thread.java:1583)
... Removed 13 stack frames]]>
    </failure>
  </testcase> <!-- verifyTryToMoveNextPageWhenNotProvideLastName -->
  <testcase classname="TATA_AIG.proposerPageTestCase" name="verifyTryToMoveNextPageWhenNotProvideMailID" time="68.675"/>
  <testcase classname="TATA_AIG.proposerPageTestCase" name="verifyTryToMoveNextPageWhenNotProvideMarreiedStatus" time="59.593"/>
  <testcase classname="TATA_AIG.proposerPageTestCase" name="verifyTryToMoveNextPageWhenNotProvideNationlity" time="61.362"/>
  <testcase classname="TATA_AIG.proposerPageTestCase" name="verifyTryToMoveNextPageWhenNotProvidePhoneNumber" time="60.798"/>
  <testcase classname="TATA_AIG.proposerPageTestCase" name="verifyTryToMoveNextPageWhenNotProvidePinCode" time="62.709"/>
  <testcase classname="TATA_AIG.proposerPageTestCase" name="vreifyProposerFirstNameFieldAcceptTheAlphabetCharacters" time="55.066"/>
  <testcase classname="TATA_AIG.proposerPageTestCase" name="vreifyProposerLastNameFieldAcceptTheAlphabetCharacters" time="54.343"/>
  <testcase classname="TATA_AIG.insuredPageTestCase" name="verifyMoveToNextPageWhenNotProvideMandatoryFields" time="61.589"/>
  <testcase classname="TATA_AIG.insuredPageTestCase" name="verifyNextbuttonIsClickAble" time="62.702"/>
  <testcase classname="TATA_AIG.insuredPageTestCase" name="verifyTheFunctionalityOfNextButton" time="64.846"/>
  <testcase classname="TATA_AIG.insuredPageTestCase" name="verifyTheSameAsInsurerButtonIsClickAble" time="60.962"/>
  <testcase classname="TATA_AIG.insuredPageTestCase" name="verifyTheWeightFieldAcceptTheCharacters" time="60.892"/>
  <testcase classname="TATA_AIG.insuredPageTestCase" name="verifyTheWeughtFieldAcceptTheSpecialCharctersOrNot" time="76.11">
    <failure type="org.openqa.selenium.ElementNotInteractableException" message="element not interactable
  (Session info: chrome=134.0.6998.89)
Build info: version: &amp;apos;3.141.59&amp;apos;, revision: &amp;apos;e82be7d358&amp;apos;, time: &amp;apos;2018-11-14T08:17:03&amp;apos;
System info: host: &amp;apos;DESKTOP-CL6B6RR&amp;apos;, ip: &amp;apos;192.168.0.101&amp;apos;, os.name: &amp;apos;Windows 11&amp;apos;, os.arch: &amp;apos;amd64&amp;apos;, os.version: &amp;apos;10.0&amp;apos;, java.version: &amp;apos;21.0.4&amp;apos;
Driver info: org.openqa.selenium.chrome.ChromeDriver
Capabilities {acceptInsecureCerts: false, browserName: chrome, browserVersion: 134.0.6998.89, chrome: {chromedriverVersion: 134.0.6998.88 (7e3d5c978c6d..., userDataDir: C:\Users\TECDAT~1\AppData\L...}, fedcm:accounts: true, goog:chromeOptions: {debuggerAddress: localhost:54599}, javascriptEnabled: true, networkConnectionEnabled: false, pageLoadStrategy: normal, platform: WINDOWS, platformName: WINDOWS, proxy: Proxy(), setWindowRect: true, strictFileInteractability: false, timeouts: {implicit: 0, pageLoad: 300000, script: 30000}, unhandledPromptBehavior: dismiss and notify, webauthn:extension:credBlob: true, webauthn:extension:largeBlob: true, webauthn:extension:minPinLength: true, webauthn:extension:prf: true, webauthn:virtualAuthenticators: true}
Session ID: 85cd90238ce0f927e05d8ea04fa3104e">
      <![CDATA[org.openqa.selenium.ElementNotInteractableException: element not interactable
  (Session info: chrome=134.0.6998.89)
Build info: version: '3.141.59', revision: 'e82be7d358', time: '2018-11-14T08:17:03'
System info: host: 'DESKTOP-CL6B6RR', ip: '192.168.0.101', os.name: 'Windows 11', os.arch: 'amd64', os.version: '10.0', java.version: '21.0.4'
Driver info: org.openqa.selenium.chrome.ChromeDriver
Capabilities {acceptInsecureCerts: false, browserName: chrome, browserVersion: 134.0.6998.89, chrome: {chromedriverVersion: 134.0.6998.88 (7e3d5c978c6d..., userDataDir: C:\Users\TECDAT~1\AppData\L...}, fedcm:accounts: true, goog:chromeOptions: {debuggerAddress: localhost:54599}, javascriptEnabled: true, networkConnectionEnabled: false, pageLoadStrategy: normal, platform: WINDOWS, platformName: WINDOWS, proxy: Proxy(), setWindowRect: true, strictFileInteractability: false, timeouts: {implicit: 0, pageLoad: 300000, script: 30000}, unhandledPromptBehavior: dismiss and notify, webauthn:extension:credBlob: true, webauthn:extension:largeBlob: true, webauthn:extension:minPinLength: true, webauthn:extension:prf: true, webauthn:virtualAuthenticators: true}
Session ID: 85cd90238ce0f927e05d8ea04fa3104e
at org.openqa.selenium.remote.http.W3CHttpResponseCodec.createException(W3CHttpResponseCodec.java:187)
at org.openqa.selenium.remote.http.W3CHttpResponseCodec.decode(W3CHttpResponseCodec.java:122)
at org.openqa.selenium.remote.http.W3CHttpResponseCodec.decode(W3CHttpResponseCodec.java:49)
at org.openqa.selenium.remote.HttpCommandExecutor.execute(HttpCommandExecutor.java:158)
at org.openqa.selenium.remote.service.DriverCommandExecutor.execute(DriverCommandExecutor.java:83)
at org.openqa.selenium.remote.RemoteWebDriver.execute(RemoteWebDriver.java:552)
at org.openqa.selenium.remote.RemoteWebElement.execute(RemoteWebElement.java:285)
at org.openqa.selenium.remote.RemoteWebElement.sendKeys(RemoteWebElement.java:106)
at org.openqa.selenium.support.pagefactory.internal.LocatingElementHandler.invoke(LocatingElementHandler.java:51)
at jdk.proxy2/jdk.proxy2.$Proxy17.sendKeys(Unknown Source)
at TATA_AIG.insuredPageTestCase.verifyTheWeughtFieldAcceptTheSpecialCharctersOrNot(insuredPageTestCase.java:70)
at java.base/java.util.concurrent.ThreadPoolExecutor.runWorker(ThreadPoolExecutor.java:1144)
at java.base/java.util.concurrent.ThreadPoolExecutor$Worker.run(ThreadPoolExecutor.java:642)
at java.base/java.lang.Thread.run(Thread.java:1583)
... Removed 15 stack frames]]>
    </failure>
  </testcase> <!-- verifyTheWeughtFieldAcceptTheSpecialCharctersOrNot -->
  <testcase classname="TATA_AIG.nomineePageTestCase" name="verifyIfProvideMinorAgeDOBAskingTheGuardianDetails" time="71.207"/>
  <testcase classname="TATA_AIG.nomineePageTestCase" name="verifyTheNomineeContribution" time="65.741"/>
  <testcase classname="TATA_AIG.nomineePageTestCase" name="verifyTheNomineeDobFieldNotAcceptTheCurrentDate" time="68.989"/>
  <testcase classname="TATA_AIG.nomineePageTestCase" name="verifyTheNomineeDobFieldNotAcceptTheFutureDate" time="71.806"/>
  <testcase classname="TATA_AIG.nomineePageTestCase" name="verifyTheNomineeNameFieldAcceptCharaters" time="64.075"/>
  <testcase classname="TATA_AIG.nomineePageTestCase" name="verifyTheNomineeNameFieldNotAcceptNumbers" time="79.742">
    <failure type="org.openqa.selenium.ElementNotInteractableException" message="element not interactable
  (Session info: chrome=134.0.6998.89)
Build info: version: &amp;apos;3.141.59&amp;apos;, revision: &amp;apos;e82be7d358&amp;apos;, time: &amp;apos;2018-11-14T08:17:03&amp;apos;
System info: host: &amp;apos;DESKTOP-CL6B6RR&amp;apos;, ip: &amp;apos;192.168.0.101&amp;apos;, os.name: &amp;apos;Windows 11&amp;apos;, os.arch: &amp;apos;amd64&amp;apos;, os.version: &amp;apos;10.0&amp;apos;, java.version: &amp;apos;21.0.4&amp;apos;
Driver info: org.openqa.selenium.chrome.ChromeDriver
Capabilities {acceptInsecureCerts: false, browserName: chrome, browserVersion: 134.0.6998.89, chrome: {chromedriverVersion: 134.0.6998.88 (7e3d5c978c6d..., userDataDir: C:\Users\TECDAT~1\AppData\L...}, fedcm:accounts: true, goog:chromeOptions: {debuggerAddress: localhost:55307}, javascriptEnabled: true, networkConnectionEnabled: false, pageLoadStrategy: normal, platform: WINDOWS, platformName: WINDOWS, proxy: Proxy(), setWindowRect: true, strictFileInteractability: false, timeouts: {implicit: 0, pageLoad: 300000, script: 30000}, unhandledPromptBehavior: dismiss and notify, webauthn:extension:credBlob: true, webauthn:extension:largeBlob: true, webauthn:extension:minPinLength: true, webauthn:extension:prf: true, webauthn:virtualAuthenticators: true}
Session ID: 3daf55ec331f4bd84c2d1c24824f049f">
      <![CDATA[org.openqa.selenium.ElementNotInteractableException: element not interactable
  (Session info: chrome=134.0.6998.89)
Build info: version: '3.141.59', revision: 'e82be7d358', time: '2018-11-14T08:17:03'
System info: host: 'DESKTOP-CL6B6RR', ip: '192.168.0.101', os.name: 'Windows 11', os.arch: 'amd64', os.version: '10.0', java.version: '21.0.4'
Driver info: org.openqa.selenium.chrome.ChromeDriver
Capabilities {acceptInsecureCerts: false, browserName: chrome, browserVersion: 134.0.6998.89, chrome: {chromedriverVersion: 134.0.6998.88 (7e3d5c978c6d..., userDataDir: C:\Users\TECDAT~1\AppData\L...}, fedcm:accounts: true, goog:chromeOptions: {debuggerAddress: localhost:55307}, javascriptEnabled: true, networkConnectionEnabled: false, pageLoadStrategy: normal, platform: WINDOWS, platformName: WINDOWS, proxy: Proxy(), setWindowRect: true, strictFileInteractability: false, timeouts: {implicit: 0, pageLoad: 300000, script: 30000}, unhandledPromptBehavior: dismiss and notify, webauthn:extension:credBlob: true, webauthn:extension:largeBlob: true, webauthn:extension:minPinLength: true, webauthn:extension:prf: true, webauthn:virtualAuthenticators: true}
Session ID: 3daf55ec331f4bd84c2d1c24824f049f
at org.openqa.selenium.remote.http.W3CHttpResponseCodec.createException(W3CHttpResponseCodec.java:187)
at org.openqa.selenium.remote.http.W3CHttpResponseCodec.decode(W3CHttpResponseCodec.java:122)
at org.openqa.selenium.remote.http.W3CHttpResponseCodec.decode(W3CHttpResponseCodec.java:49)
at org.openqa.selenium.remote.HttpCommandExecutor.execute(HttpCommandExecutor.java:158)
at org.openqa.selenium.remote.service.DriverCommandExecutor.execute(DriverCommandExecutor.java:83)
at org.openqa.selenium.remote.RemoteWebDriver.execute(RemoteWebDriver.java:552)
at org.openqa.selenium.remote.RemoteWebElement.execute(RemoteWebElement.java:285)
at org.openqa.selenium.remote.RemoteWebElement.sendKeys(RemoteWebElement.java:106)
at org.openqa.selenium.support.pagefactory.internal.LocatingElementHandler.invoke(LocatingElementHandler.java:51)
at jdk.proxy2/jdk.proxy2.$Proxy17.sendKeys(Unknown Source)
at TATA_AIG.nomineePageTestCase.verifyTheNomineeNameFieldNotAcceptNumbers(nomineePageTestCase.java:68)
at java.base/java.util.concurrent.ThreadPoolExecutor.runWorker(ThreadPoolExecutor.java:1144)
at java.base/java.util.concurrent.ThreadPoolExecutor$Worker.run(ThreadPoolExecutor.java:642)
at java.base/java.lang.Thread.run(Thread.java:1583)
... Removed 15 stack frames]]>
    </failure>
  </testcase> <!-- verifyTheNomineeNameFieldNotAcceptNumbers -->
  <testcase classname="TATA_AIG.nomineePageTestCase" name="verifyTheNomineeNameFieldNotAcceptTheSpecialCharaters" time="65.488"/>
</testsuite> <!-- SampleTest -->
